C51 COMPILER V9.00   PUBLIC                                                                03/29/2022 19:59:10 PAGE 1   


C51 COMPILER V9.00, COMPILATION OF MODULE PUBLIC
OBJECT MODULE PLACED IN public.OBJ
COMPILER INVOKED BY: C:\Keil\C51\BIN\C51.EXE public.c BROWSE DEBUG OBJECTEXTEND

line level    source

   1          #include "public.h"
   2          
   3          void delay(u16 i)
   4          {
   5   1              while(i--);
   6   1      }


MODULE INFORMATION:   STATIC OVERLAYABLE
   CODE SIZE        =     11    ----
   CONSTANT SIZE    =   ----    ----
   XDATA SIZE       =   ----    ----
   PDATA SIZE       =   ----    ----
   DATA SIZE        =   ----    ----
   IDATA SIZE       =   ----    ----
   BIT SIZE         =   ----    ----
END OF MODULE INFORMATION.


C51 COMPILATION COMPLETE.  0 WARNING(S),  0 ERROR(S)
